nohup: ignoring input
==========================================
Config: config/experiments/mlp_mnist_relu.yaml
Seeds: 42 43 44 45
==========================================
--- Seed 42 ---
INFO  | 2026-03-08 13:20:03,748 | run.py                    | line 147  : Config: config/experiments/mlp_mnist_relu.yaml
INFO  | 2026-03-08 13:20:03,748 | run.py                    | line 148  : Config hash: c0560402f7c953f8d82da2c31428962799a9373d158e4c67a1dc830eead2d4fc
INFO  | 2026-03-08 13:20:03,748 | run.py                    | line 149  : Save dir: ./exp/mlp_mnist_relu_20260308_125442_c0560402
INFO  | 2026-03-08 13:20:03,748 | run.py                    | line 153  : Task type: classification
INFO  | 2026-03-08 13:20:04,505 | run.py                    | line 183  : Pretrain already done, skipping.
INFO  | 2026-03-08 13:20:04,506 | run.py                    | line 186  : === Starting Phase 1 ===
Found incomplete experiment, resuming: ./exp/mlp_mnist_relu_20260308_125442_c0560402
INFO  | 2026-03-08 13:20:05,480 | experiment_runner.py      | line 198  : Epoch 1 | Val Loss = 2.687919 | Val Acc = 0.1000
/home/yc/repo/xor_neuron_yoon/runner/experiment_runner.py:217: UserWarning: Detected call of `lr_scheduler.step()` before `optimizer.step()`. In PyTorch 1.1.0 and later, you should call them in the opposite order: `optimizer.step()` before `lr_scheduler.step()`.  Failure to do this will result in PyTorch skipping the first value of the learning rate schedule. See more details at https://pytorch.org/docs/stable/optim.html#how-to-adjust-learning-rate
  lr_scheduler.step()
INFO  | 2026-03-08 13:20:07,114 | experiment_runner.py      | line 198  : Epoch 2 | Val Loss = 0.508831 | Val Acc = 0.8668
INFO  | 2026-03-08 13:20:08,648 | experiment_runner.py      | line 198  : Epoch 3 | Val Loss = 0.397959 | Val Acc = 0.8890
INFO  | 2026-03-08 13:20:10,175 | experiment_runner.py      | line 198  : Epoch 4 | Val Loss = 0.343610 | Val Acc = 0.9018
INFO  | 2026-03-08 13:20:11,674 | experiment_runner.py      | line 198  : Epoch 5 | Val Loss = 0.338992 | Val Acc = 0.9083
INFO  | 2026-03-08 13:20:13,201 | experiment_runner.py      | line 198  : Epoch 6 | Val Loss = 0.327481 | Val Acc = 0.9121
INFO  | 2026-03-08 13:20:14,704 | experiment_runner.py      | line 198  : Epoch 7 | Val Loss = 0.332473 | Val Acc = 0.9134
INFO  | 2026-03-08 13:20:16,210 | experiment_runner.py      | line 198  : Epoch 8 | Val Loss = 0.314193 | Val Acc = 0.9137
INFO  | 2026-03-08 13:20:17,719 | experiment_runner.py      | line 198  : Epoch 9 | Val Loss = 0.305847 | Val Acc = 0.9152
INFO  | 2026-03-08 13:20:19,235 | experiment_runner.py      | line 198  : Epoch 10 | Val Loss = 0.298742 | Val Acc = 0.9174
INFO  | 2026-03-08 13:20:20,535 | experiment_runner.py      | line 231  : Train Loss @ epoch 0010 iter 00005000 = 0.518962
INFO  | 2026-03-08 13:20:20,756 | experiment_runner.py      | line 198  : Epoch 11 | Val Loss = 0.295960 | Val Acc = 0.9170
